2025-08-21 19:34:13,952 - INFO - 使用设备: cpu
2025-08-21 19:34:14,553 - INFO - Epoch 1 - 训练损失: 4.8496, 验证损失: 4.8203
2025-08-21 19:34:14,558 - INFO - 保存最佳模型!
2025-08-21 19:34:14,577 - INFO - Epoch 2 - 训练损失: 4.8518, 验证损失: 4.8190
2025-08-21 19:34:14,581 - INFO - 保存最佳模型!
2025-08-21 19:34:14,602 - INFO - Epoch 3 - 训练损失: 4.8474, 验证损失: 4.8119
2025-08-21 19:34:14,606 - INFO - 保存最佳模型!
2025-08-21 19:34:14,626 - INFO - Epoch 4 - 训练损失: 4.8403, 验证损失: 4.8143
2025-08-21 19:34:14,644 - INFO - Epoch 5 - 训练损失: 4.8354, 验证损失: 4.8027
2025-08-21 19:34:14,648 - INFO - 保存最佳模型!
2025-08-21 19:34:14,667 - INFO - Epoch 6 - 训练损失: 4.8306, 验证损失: 4.8036
2025-08-21 19:34:14,687 - INFO - Epoch 7 - 训练损失: 4.8265, 验证损失: 4.8182
2025-08-21 19:34:14,704 - INFO - Epoch 8 - 训练损失: 4.8168, 验证损失: 4.8189
2025-08-21 19:34:14,724 - INFO - Epoch 9 - 训练损失: 4.8299, 验证损失: 4.8142
2025-08-21 19:34:14,745 - INFO - Epoch 10 - 训练损失: 4.8138, 验证损失: 4.8119
2025-08-21 19:34:14,769 - INFO - Epoch 11 - 训练损失: 4.7978, 验证损失: 4.8055
2025-08-21 19:34:14,790 - INFO - Epoch 12 - 训练损失: 4.7990, 验证损失: 4.8057
2025-08-21 19:34:14,811 - INFO - Epoch 13 - 训练损失: 4.7926, 验证损失: 4.8085
2025-08-21 19:34:14,831 - INFO - Epoch 14 - 训练损失: 4.7955, 验证损失: 4.7910
2025-08-21 19:34:14,835 - INFO - 保存最佳模型!
2025-08-21 19:34:14,856 - INFO - Epoch 15 - 训练损失: 4.8032, 验证损失: 4.7912
2025-08-21 19:34:14,873 - INFO - Epoch 16 - 训练损失: 4.7915, 验证损失: 4.7915
2025-08-21 19:34:14,890 - INFO - Epoch 17 - 训练损失: 4.7769, 验证损失: 4.8006
2025-08-21 19:34:14,907 - INFO - Epoch 18 - 训练损失: 4.7836, 验证损失: 4.7988
2025-08-21 19:34:14,924 - INFO - Epoch 19 - 训练损失: 4.7874, 验证损失: 4.8121
2025-08-21 19:34:14,945 - INFO - Epoch 20 - 训练损失: 4.7932, 验证损失: 4.8126
2025-08-21 19:34:14,966 - INFO - Epoch 21 - 训练损失: 4.7926, 验证损失: 4.8127
2025-08-21 19:34:14,988 - INFO - Epoch 22 - 训练损失: 4.7818, 验证损失: 4.8080
2025-08-21 19:34:15,009 - INFO - Epoch 23 - 训练损失: 4.7853, 验证损失: 4.8104
2025-08-21 19:34:15,030 - INFO - Epoch 24 - 训练损失: 4.7849, 验证损失: 4.8105
2025-08-21 19:34:15,049 - INFO - Epoch 25 - 训练损失: 4.7825, 验证损失: 4.8106
2025-08-21 19:34:15,066 - INFO - Epoch 26 - 训练损失: 4.7711, 验证损失: 4.8106
2025-08-21 19:34:15,084 - INFO - Epoch 27 - 训练损失: 4.7823, 验证损失: 4.8106
2025-08-21 19:34:15,103 - INFO - Epoch 28 - 训练损失: 4.7801, 验证损失: 4.8107
2025-08-21 19:34:15,121 - INFO - Epoch 29 - 训练损失: 4.7881, 验证损失: 4.8107
2025-08-21 19:34:15,138 - INFO - Epoch 30 - 训练损失: 4.7886, 验证损失: 4.8107
2025-08-21 19:34:15,161 - INFO - Epoch 31 - 训练损失: 4.7797, 验证损失: 4.8107
2025-08-21 19:34:15,182 - INFO - Epoch 32 - 训练损失: 4.7894, 验证损失: 4.8107
2025-08-21 19:34:15,203 - INFO - Epoch 33 - 训练损失: 4.7797, 验证损失: 4.8107
2025-08-21 19:34:15,225 - INFO - Epoch 34 - 训练损失: 4.7918, 验证损失: 4.8107
2025-08-21 19:34:15,246 - INFO - Epoch 35 - 训练损失: 4.7894, 验证损失: 4.8107
2025-08-21 19:34:15,265 - INFO - Epoch 36 - 训练损失: 4.7856, 验证损失: 4.8107
2025-08-21 19:34:15,283 - INFO - Epoch 37 - 训练损失: 4.7840, 验证损失: 4.8107
2025-08-21 19:34:15,305 - INFO - Epoch 38 - 训练损失: 4.7707, 验证损失: 4.8107
2025-08-21 19:34:15,326 - INFO - Epoch 39 - 训练损失: 4.7932, 验证损失: 4.8107
2025-08-21 19:34:15,346 - INFO - Epoch 40 - 训练损失: 4.7823, 验证损失: 4.8107
2025-08-21 19:34:15,367 - INFO - Epoch 41 - 训练损失: 4.7833, 验证损失: 4.8107
2025-08-21 19:34:15,389 - INFO - Epoch 42 - 训练损失: 4.7879, 验证损失: 4.8107
2025-08-21 19:34:15,411 - INFO - Epoch 43 - 训练损失: 4.7872, 验证损失: 4.8107
2025-08-21 19:34:15,431 - INFO - Epoch 44 - 训练损失: 4.7916, 验证损失: 4.8107
2025-08-21 19:34:15,452 - INFO - Epoch 45 - 训练损失: 4.7972, 验证损失: 4.8107
2025-08-21 19:34:15,473 - INFO - Epoch 46 - 训练损失: 4.7916, 验证损失: 4.8107
2025-08-21 19:34:15,490 - INFO - Epoch 47 - 训练损失: 4.7914, 验证损失: 4.8107
2025-08-21 19:34:15,507 - INFO - Epoch 48 - 训练损失: 4.7918, 验证损失: 4.8107
2025-08-21 19:34:15,527 - INFO - Epoch 49 - 训练损失: 4.7830, 验证损失: 4.8107
2025-08-21 19:34:15,546 - INFO - Epoch 50 - 训练损失: 4.7867, 验证损失: 4.8107
2025-08-21 19:35:03,825 - INFO - 使用设备: cpu
2025-08-21 19:35:04,420 - INFO - Epoch 1 - 训练损失: 4.8538, 验证损失: 4.8734
2025-08-21 19:35:04,426 - INFO - 保存最佳模型!
2025-08-21 19:35:04,446 - INFO - Epoch 2 - 训练损失: 4.8509, 验证损失: 4.8771
2025-08-21 19:35:04,463 - INFO - Epoch 3 - 训练损失: 4.8521, 验证损失: 4.8813
2025-08-21 19:35:04,481 - INFO - Epoch 4 - 训练损失: 4.8393, 验证损失: 4.8854
2025-08-21 19:35:04,498 - INFO - Epoch 5 - 训练损失: 4.8323, 验证损失: 4.8888
2025-08-21 19:35:04,517 - INFO - Epoch 6 - 训练损失: 4.8327, 验证损失: 4.8667
2025-08-21 19:35:04,521 - INFO - 保存最佳模型!
2025-08-21 19:35:04,540 - INFO - Epoch 7 - 训练损失: 4.8274, 验证损失: 4.8506
2025-08-21 19:35:04,544 - INFO - 保存最佳模型!
2025-08-21 19:35:04,561 - INFO - Epoch 8 - 训练损失: 4.8229, 验证损失: 4.8475
2025-08-21 19:35:04,564 - INFO - 保存最佳模型!
2025-08-21 19:35:04,582 - INFO - Epoch 9 - 训练损失: 4.8235, 验证损失: 4.8266
2025-08-21 19:35:04,585 - INFO - 保存最佳模型!
2025-08-21 19:35:04,606 - INFO - Epoch 10 - 训练损失: 4.8181, 验证损失: 4.8174
2025-08-21 19:35:04,611 - INFO - 保存最佳模型!
2025-08-21 19:35:04,632 - INFO - Epoch 11 - 训练损失: 4.8097, 验证损失: 4.8319
2025-08-21 19:35:04,651 - INFO - Epoch 12 - 训练损失: 4.8022, 验证损失: 4.8382
2025-08-21 19:35:04,670 - INFO - Epoch 13 - 训练损失: 4.7870, 验证损失: 4.8337
2025-08-21 19:35:04,689 - INFO - Epoch 14 - 训练损失: 4.7875, 验证损失: 4.8400
2025-08-21 19:35:04,707 - INFO - Epoch 15 - 训练损失: 4.7432, 验证损失: 4.8511
2025-08-21 19:35:04,724 - INFO - Epoch 16 - 训练损失: 4.7491, 验证损失: 4.8675
2025-08-21 19:35:04,744 - INFO - Epoch 17 - 训练损失: 4.7140, 验证损失: 4.8696
2025-08-21 19:35:04,761 - INFO - Epoch 18 - 训练损失: 4.7139, 验证损失: 4.8719
2025-08-21 19:35:04,778 - INFO - Epoch 19 - 训练损失: 4.7231, 验证损失: 4.8743
2025-08-21 19:35:04,798 - INFO - Epoch 20 - 训练损失: 4.7417, 验证损失: 4.8769
2025-08-21 19:35:04,819 - INFO - Epoch 21 - 训练损失: 4.6809, 验证损失: 4.8798
2025-08-21 19:35:04,838 - INFO - Epoch 22 - 训练损失: 4.7464, 验证损失: 4.8826
2025-08-21 19:35:04,859 - INFO - Epoch 23 - 训练损失: 4.6995, 验证损失: 4.8829
2025-08-21 19:35:04,880 - INFO - Epoch 24 - 训练损失: 4.6910, 验证损失: 4.8832
2025-08-21 19:35:04,898 - INFO - Epoch 25 - 训练损失: 4.6915, 验证损失: 4.8835
2025-08-21 19:35:04,919 - INFO - Epoch 26 - 训练损失: 4.7068, 验证损失: 4.8838
2025-08-21 19:35:04,939 - INFO - Epoch 27 - 训练损失: 4.6927, 验证损失: 4.8841
2025-08-21 19:35:04,957 - INFO - Epoch 28 - 训练损失: 4.7034, 验证损失: 4.8844
2025-08-21 19:35:04,975 - INFO - Epoch 29 - 训练损失: 4.6750, 验证损失: 4.8845
2025-08-21 19:35:04,994 - INFO - Epoch 30 - 训练损失: 4.6975, 验证损失: 4.8845
2025-08-21 19:35:05,017 - INFO - Epoch 31 - 训练损失: 4.6738, 验证损失: 4.8845
2025-08-21 19:35:05,035 - INFO - Epoch 32 - 训练损失: 4.7156, 验证损失: 4.8846
2025-08-21 19:35:05,054 - INFO - Epoch 33 - 训练损失: 4.7079, 验证损失: 4.8846
2025-08-21 19:35:05,074 - INFO - Epoch 34 - 训练损失: 4.6980, 验证损失: 4.8846
2025-08-21 19:35:05,095 - INFO - Epoch 35 - 训练损失: 4.6821, 验证损失: 4.8846
2025-08-21 19:35:05,117 - INFO - Epoch 36 - 训练损失: 4.7134, 验证损失: 4.8846
2025-08-21 19:35:05,133 - INFO - Epoch 37 - 训练损失: 4.6748, 验证损失: 4.8846
2025-08-21 19:35:05,150 - INFO - Epoch 38 - 训练损失: 4.7373, 验证损失: 4.8846
2025-08-21 19:35:05,168 - INFO - Epoch 39 - 训练损失: 4.7200, 验证损失: 4.8846
2025-08-21 19:35:05,185 - INFO - Epoch 40 - 训练损失: 4.7183, 验证损失: 4.8846
2025-08-21 19:35:05,202 - INFO - Epoch 41 - 训练损失: 4.7129, 验证损失: 4.8846
2025-08-21 19:35:05,223 - INFO - Epoch 42 - 训练损失: 4.6863, 验证损失: 4.8846
2025-08-21 19:35:05,244 - INFO - Epoch 43 - 训练损失: 4.6898, 验证损失: 4.8846
2025-08-21 19:35:05,266 - INFO - Epoch 44 - 训练损失: 4.6916, 验证损失: 4.8846
2025-08-21 19:35:05,288 - INFO - Epoch 45 - 训练损失: 4.6924, 验证损失: 4.8846
2025-08-21 19:35:05,308 - INFO - Epoch 46 - 训练损失: 4.6760, 验证损失: 4.8846
2025-08-21 19:35:05,329 - INFO - Epoch 47 - 训练损失: 4.7148, 验证损失: 4.8846
2025-08-21 19:35:05,349 - INFO - Epoch 48 - 训练损失: 4.6846, 验证损失: 4.8846
2025-08-21 19:35:05,368 - INFO - Epoch 49 - 训练损失: 4.7065, 验证损失: 4.8846
2025-08-21 19:35:05,388 - INFO - Epoch 50 - 训练损失: 4.7100, 验证损失: 4.8846
2025-08-21 19:37:24,762 - INFO - 使用设备: cpu
2025-08-21 19:37:25,463 - INFO - Epoch 1 - 训练损失: 6.1320, 验证损失: 6.1082
2025-08-21 19:37:25,470 - INFO - 保存最佳模型!
2025-08-21 19:37:25,610 - INFO - Epoch 2 - 训练损失: 6.0209, 验证损失: 5.9058
2025-08-21 19:37:25,615 - INFO - 保存最佳模型!
2025-08-21 19:37:25,749 - INFO - Epoch 3 - 训练损失: 5.7455, 验证损失: 5.4511
2025-08-21 19:37:25,754 - INFO - 保存最佳模型!
2025-08-21 19:37:25,902 - INFO - Epoch 4 - 训练损失: 5.2069, 验证损失: 5.3431
2025-08-21 19:37:25,906 - INFO - 保存最佳模型!
2025-08-21 19:37:26,044 - INFO - Epoch 5 - 训练损失: 5.0424, 验证损失: 5.4110
2025-08-21 19:37:26,190 - INFO - Epoch 6 - 训练损失: 5.0243, 验证损失: 5.3921
2025-08-21 19:37:26,324 - INFO - Epoch 7 - 训练损失: 5.0337, 验证损失: 5.4200
2025-08-21 19:37:26,469 - INFO - Epoch 8 - 训练损失: 5.0344, 验证损失: 5.4428
2025-08-21 19:37:26,605 - INFO - Epoch 9 - 训练损失: 4.9921, 验证损失: 5.4443
2025-08-21 19:37:26,739 - INFO - Epoch 10 - 训练损失: 4.9983, 验证损失: 5.4767
2025-08-21 19:37:26,882 - INFO - Epoch 11 - 训练损失: 4.9862, 验证损失: 5.4813
2025-08-21 19:37:27,016 - INFO - Epoch 12 - 训练损失: 4.9934, 验证损失: 5.4840
2025-08-21 19:37:27,153 - INFO - Epoch 13 - 训练损失: 4.9805, 验证损失: 5.4847
2025-08-21 19:37:27,295 - INFO - Epoch 14 - 训练损失: 5.0040, 验证损失: 5.4854
2025-08-21 19:37:27,433 - INFO - Epoch 15 - 训练损失: 4.9951, 验证损失: 5.4864
2025-08-21 19:37:27,574 - INFO - Epoch 16 - 训练损失: 4.9921, 验证损失: 5.4878
2025-08-21 19:37:27,711 - INFO - Epoch 17 - 训练损失: 4.9676, 验证损失: 5.4879
2025-08-21 19:37:27,851 - INFO - Epoch 18 - 训练损失: 4.9917, 验证损失: 5.4880
2025-08-21 19:37:27,986 - INFO - Epoch 19 - 训练损失: 4.9767, 验证损失: 5.4882
2025-08-21 19:37:28,139 - INFO - Epoch 20 - 训练损失: 4.9859, 验证损失: 5.4885
2025-08-21 19:37:28,276 - INFO - Epoch 21 - 训练损失: 4.9963, 验证损失: 5.4886
2025-08-21 19:37:28,419 - INFO - Epoch 22 - 训练损失: 4.9910, 验证损失: 5.4888
2025-08-21 19:37:28,565 - INFO - Epoch 23 - 训练损失: 4.9686, 验证损失: 5.4888
2025-08-21 19:37:28,696 - INFO - Epoch 24 - 训练损失: 4.9946, 验证损失: 5.4889
2025-08-21 19:37:28,830 - INFO - Epoch 25 - 训练损失: 4.9616, 验证损失: 5.4889
2025-08-21 19:37:28,972 - INFO - Epoch 26 - 训练损失: 4.9796, 验证损失: 5.4889
2025-08-21 19:37:29,114 - INFO - Epoch 27 - 训练损失: 4.9620, 验证损失: 5.4889
2025-08-21 19:37:29,258 - INFO - Epoch 28 - 训练损失: 4.9834, 验证损失: 5.4889
2025-08-21 19:37:29,401 - INFO - Epoch 29 - 训练损失: 4.9687, 验证损失: 5.4889
2025-08-21 19:37:29,528 - INFO - Epoch 30 - 训练损失: 4.9724, 验证损失: 5.4889
2025-08-21 19:37:29,667 - INFO - Epoch 31 - 训练损失: 4.9872, 验证损失: 5.4889
2025-08-21 19:37:29,810 - INFO - Epoch 32 - 训练损失: 4.9773, 验证损失: 5.4889
2025-08-21 19:37:29,950 - INFO - Epoch 33 - 训练损失: 4.9896, 验证损失: 5.4889
2025-08-21 19:37:30,091 - INFO - Epoch 34 - 训练损失: 4.9829, 验证损失: 5.4889
2025-08-21 19:37:30,237 - INFO - Epoch 35 - 训练损失: 4.9931, 验证损失: 5.4889
2025-08-21 19:37:30,361 - INFO - Epoch 36 - 训练损失: 4.9845, 验证损失: 5.4889
2025-08-21 19:37:30,498 - INFO - Epoch 37 - 训练损失: 4.9861, 验证损失: 5.4889
2025-08-21 19:37:30,641 - INFO - Epoch 38 - 训练损失: 4.9803, 验证损失: 5.4889
2025-08-21 19:37:30,774 - INFO - Epoch 39 - 训练损失: 5.0086, 验证损失: 5.4889
2025-08-21 19:37:30,917 - INFO - Epoch 40 - 训练损失: 4.9692, 验证损失: 5.4889
2025-08-21 19:37:31,058 - INFO - Epoch 41 - 训练损失: 4.9913, 验证损失: 5.4889
2025-08-21 19:37:31,204 - INFO - Epoch 42 - 训练损失: 4.9917, 验证损失: 5.4889
2025-08-21 19:37:31,351 - INFO - Epoch 43 - 训练损失: 4.9692, 验证损失: 5.4889
2025-08-21 19:37:31,491 - INFO - Epoch 44 - 训练损失: 5.0207, 验证损失: 5.4889
2025-08-21 19:37:31,630 - INFO - Epoch 45 - 训练损失: 4.9770, 验证损失: 5.4889
2025-08-21 19:37:31,766 - INFO - Epoch 46 - 训练损失: 4.9845, 验证损失: 5.4889
2025-08-21 19:37:31,903 - INFO - Epoch 47 - 训练损失: 4.9773, 验证损失: 5.4889
2025-08-21 19:37:32,045 - INFO - Epoch 48 - 训练损失: 4.9833, 验证损失: 5.4889
2025-08-21 19:37:32,178 - INFO - Epoch 49 - 训练损失: 4.9822, 验证损失: 5.4889
2025-08-21 19:37:32,325 - INFO - Epoch 50 - 训练损失: 4.9829, 验证损失: 5.4889
2025-08-21 19:37:51,062 - INFO - 使用设备: cpu
2025-08-21 19:37:51,768 - INFO - Epoch 1 - 训练损失: 6.1306, 验证损失: 6.0945
2025-08-21 19:37:51,774 - INFO - 保存最佳模型!
2025-08-21 19:37:51,914 - INFO - Epoch 2 - 训练损失: 6.0541, 验证损失: 5.8784
2025-08-21 19:37:51,918 - INFO - 保存最佳模型!
2025-08-21 19:37:52,054 - INFO - Epoch 3 - 训练损失: 5.6904, 验证损失: 5.4747
2025-08-21 19:37:52,059 - INFO - 保存最佳模型!
2025-08-21 19:37:52,191 - INFO - Epoch 4 - 训练损失: 5.2315, 验证损失: 5.3683
2025-08-21 19:37:52,196 - INFO - 保存最佳模型!
2025-08-21 19:37:52,341 - INFO - Epoch 5 - 训练损失: 5.0569, 验证损失: 5.4160
2025-08-21 19:37:52,490 - INFO - Epoch 6 - 训练损失: 5.0342, 验证损失: 5.4151
2025-08-21 19:37:52,635 - INFO - Epoch 7 - 训练损失: 5.0161, 验证损失: 5.4421
2025-08-21 19:37:52,791 - INFO - Epoch 8 - 训练损失: 4.9841, 验证损失: 5.5040
2025-08-21 19:37:52,931 - INFO - Epoch 9 - 训练损失: 5.0022, 验证损失: 5.4724
2025-08-21 19:37:53,078 - INFO - Epoch 10 - 训练损失: 4.9829, 验证损失: 5.4846
2025-08-21 19:37:53,221 - INFO - Epoch 11 - 训练损失: 4.9986, 验证损失: 5.4867
2025-08-21 19:37:53,369 - INFO - Epoch 12 - 训练损失: 4.9656, 验证损失: 5.4882
2025-08-21 19:37:53,507 - INFO - Epoch 13 - 训练损失: 4.9528, 验证损失: 5.4902
2025-08-21 19:37:53,635 - INFO - Epoch 14 - 训练损失: 4.9805, 验证损失: 5.4916
2025-08-21 19:37:53,780 - INFO - Epoch 15 - 训练损失: 4.9893, 验证损失: 5.4936
2025-08-21 19:37:53,924 - INFO - Epoch 16 - 训练损失: 4.9929, 验证损失: 5.5089
2025-08-21 19:37:54,074 - INFO - Epoch 17 - 训练损失: 4.9782, 验证损失: 5.5076
2025-08-21 19:37:54,226 - INFO - Epoch 18 - 训练损失: 4.9813, 验证损失: 5.5077
2025-08-21 19:37:54,372 - INFO - Epoch 19 - 训练损失: 4.9753, 验证损失: 5.5117
2025-08-21 19:37:54,520 - INFO - Epoch 20 - 训练损失: 4.9655, 验证损失: 5.5117
2025-08-21 19:37:54,668 - INFO - Epoch 21 - 训练损失: 4.9664, 验证损失: 5.5047
2025-08-21 19:37:54,803 - INFO - Epoch 22 - 训练损失: 4.9815, 验证损失: 5.5025
2025-08-21 19:37:54,944 - INFO - Epoch 23 - 训练损失: 4.9922, 验证损失: 5.5025
2025-08-21 19:37:55,095 - INFO - Epoch 24 - 训练损失: 5.0110, 验证损失: 5.5025
2025-08-21 19:37:55,237 - INFO - Epoch 25 - 训练损失: 4.9603, 验证损失: 5.5048
2025-08-21 19:37:55,373 - INFO - Epoch 26 - 训练损失: 4.9990, 验证损失: 5.5066
2025-08-21 19:37:55,512 - INFO - Epoch 27 - 训练损失: 4.9829, 验证损失: 5.5066
2025-08-21 19:37:55,655 - INFO - Epoch 28 - 训练损失: 4.9792, 验证损失: 5.5066
2025-08-21 19:37:55,792 - INFO - Epoch 29 - 训练损失: 4.9763, 验证损失: 5.5066
2025-08-21 19:37:55,947 - INFO - Epoch 30 - 训练损失: 4.9873, 验证损失: 5.5066
2025-08-21 19:37:56,092 - INFO - Epoch 31 - 训练损失: 4.9727, 验证损失: 5.5066
2025-08-21 19:37:56,225 - INFO - Epoch 32 - 训练损失: 4.9803, 验证损失: 5.5066
2025-08-21 19:37:56,360 - INFO - Epoch 33 - 训练损失: 4.9869, 验证损失: 5.5066
2025-08-21 19:37:56,492 - INFO - Epoch 34 - 训练损失: 4.9795, 验证损失: 5.5066
2025-08-21 19:37:56,628 - INFO - Epoch 35 - 训练损失: 4.9741, 验证损失: 5.5066
2025-08-21 19:37:56,768 - INFO - Epoch 36 - 训练损失: 4.9582, 验证损失: 5.5066
2025-08-21 19:37:56,916 - INFO - Epoch 37 - 训练损失: 4.9777, 验证损失: 5.5066
2025-08-21 19:37:57,048 - INFO - Epoch 38 - 训练损失: 4.9665, 验证损失: 5.5066
2025-08-21 19:37:57,188 - INFO - Epoch 39 - 训练损失: 4.9678, 验证损失: 5.5066
2025-08-21 19:37:57,325 - INFO - Epoch 40 - 训练损失: 4.9960, 验证损失: 5.5066
2025-08-21 19:37:57,463 - INFO - Epoch 41 - 训练损失: 4.9797, 验证损失: 5.5066
2025-08-21 19:37:57,605 - INFO - Epoch 42 - 训练损失: 4.9728, 验证损失: 5.5066
2025-08-21 19:37:57,739 - INFO - Epoch 43 - 训练损失: 4.9720, 验证损失: 5.5066
2025-08-21 19:37:57,877 - INFO - Epoch 44 - 训练损失: 4.9836, 验证损失: 5.5066
2025-08-21 19:37:58,024 - INFO - Epoch 45 - 训练损失: 4.9827, 验证损失: 5.5066
2025-08-21 19:37:58,173 - INFO - Epoch 46 - 训练损失: 4.9665, 验证损失: 5.5066
2025-08-21 19:37:58,313 - INFO - Epoch 47 - 训练损失: 4.9836, 验证损失: 5.5066
2025-08-21 19:37:58,462 - INFO - Epoch 48 - 训练损失: 4.9750, 验证损失: 5.5066
2025-08-21 19:37:58,600 - INFO - Epoch 49 - 训练损失: 4.9763, 验证损失: 5.5066
2025-08-21 19:37:58,741 - INFO - Epoch 50 - 训练损失: 4.9820, 验证损失: 5.5066
2025-08-21 19:42:17,308 - INFO - 使用设备: cpu
2025-08-21 19:42:17,309 - DEBUG - Building prefix dict from the default dictionary ...
2025-08-21 19:42:17,666 - DEBUG - Dumping model to file cache C:\Users\xxx13\AppData\Local\Temp\jieba.cache
2025-08-21 19:42:17,698 - DEBUG - Loading model cost 0.389 seconds.
2025-08-21 19:42:17,698 - DEBUG - Prefix dict has been built successfully.
2025-08-21 19:42:18,507 - INFO - Epoch 1 - 训练损失: 6.1023, 验证损失: 6.0164
2025-08-21 19:42:18,527 - INFO - 保存最佳模型!
2025-08-21 19:42:18,740 - INFO - Epoch 2 - 训练损失: 5.7413, 验证损失: 5.2173
2025-08-21 19:42:18,758 - INFO - 保存最佳模型!
2025-08-21 19:42:18,981 - INFO - Epoch 3 - 训练损失: 4.8617, 验证损失: 5.0933
2025-08-21 19:42:18,998 - INFO - 保存最佳模型!
2025-08-21 19:42:19,235 - INFO - Epoch 4 - 训练损失: 4.6990, 验证损失: 5.2669
2025-08-21 19:42:19,445 - INFO - Epoch 5 - 训练损失: 4.6137, 验证损失: 5.3328
2025-08-21 19:42:19,676 - INFO - Epoch 6 - 训练损失: 4.6434, 验证损失: 5.3952
2025-08-21 19:42:19,878 - INFO - Epoch 7 - 训练损失: 4.5618, 验证损失: 5.4414
2025-08-21 19:42:20,103 - INFO - Epoch 8 - 训练损失: 4.6082, 验证损失: 5.4958
2025-08-21 19:42:20,320 - INFO - Epoch 9 - 训练损失: 4.5522, 验证损失: 5.5428
2025-08-21 19:42:20,531 - INFO - Epoch 10 - 训练损失: 4.5712, 验证损失: 5.5476
2025-08-21 19:42:20,747 - INFO - Epoch 11 - 训练损失: 4.5849, 验证损失: 5.5519
2025-08-21 19:42:20,973 - INFO - Epoch 12 - 训练损失: 4.6116, 验证损失: 5.5553
2025-08-21 19:42:21,176 - INFO - Epoch 13 - 训练损失: 4.5457, 验证损失: 5.5596
2025-08-21 19:42:21,382 - INFO - Epoch 14 - 训练损失: 4.5107, 验证损失: 5.5631
2025-08-21 19:42:21,597 - INFO - Epoch 15 - 训练损失: 4.5056, 验证损失: 5.5675
2025-08-21 19:42:21,835 - INFO - Epoch 16 - 训练损失: 4.5576, 验证损失: 5.5679
2025-08-21 19:42:22,061 - INFO - Epoch 17 - 训练损失: 4.5257, 验证损失: 5.5683
2025-08-21 19:42:22,298 - INFO - Epoch 18 - 训练损失: 4.5396, 验证损失: 5.5688
2025-08-21 19:42:22,546 - INFO - Epoch 19 - 训练损失: 4.5463, 验证损失: 5.5693
2025-08-21 19:42:22,780 - INFO - Epoch 20 - 训练损失: 4.5494, 验证损失: 5.5699
2025-08-21 19:42:23,012 - INFO - Epoch 21 - 训练损失: 4.5669, 验证损失: 5.5703
2025-08-21 19:42:23,249 - INFO - Epoch 22 - 训练损失: 4.5139, 验证损失: 5.5703
2025-08-21 19:42:23,463 - INFO - Epoch 23 - 训练损失: 4.5513, 验证损失: 5.5704
2025-08-21 19:42:23,688 - INFO - Epoch 24 - 训练损失: 4.5191, 验证损失: 5.5704
2025-08-21 19:42:23,911 - INFO - Epoch 25 - 训练损失: 4.6490, 验证损失: 5.5704
2025-08-21 19:42:24,131 - INFO - Epoch 26 - 训练损失: 4.5244, 验证损失: 5.5705
2025-08-21 19:42:24,354 - INFO - Epoch 27 - 训练损失: 4.5295, 验证损失: 5.5705
2025-08-21 19:42:24,559 - INFO - Epoch 28 - 训练损失: 4.5629, 验证损失: 5.5705
2025-08-21 19:42:24,779 - INFO - Epoch 29 - 训练损失: 4.5334, 验证损失: 5.5705
2025-08-21 19:42:24,971 - INFO - Epoch 30 - 训练损失: 4.4983, 验证损失: 5.5705
2025-08-21 19:42:25,188 - INFO - Epoch 31 - 训练损失: 4.5414, 验证损失: 5.5705
2025-08-21 19:42:25,418 - INFO - Epoch 32 - 训练损失: 4.5633, 验证损失: 5.5705
2025-08-21 19:42:25,641 - INFO - Epoch 33 - 训练损失: 4.5368, 验证损失: 5.5705
2025-08-21 19:42:25,848 - INFO - Epoch 34 - 训练损失: 4.5719, 验证损失: 5.5705
2025-08-21 19:42:26,054 - INFO - Epoch 35 - 训练损失: 4.5735, 验证损失: 5.5705
2025-08-21 19:42:26,285 - INFO - Epoch 36 - 训练损失: 4.5895, 验证损失: 5.5705
2025-08-21 19:42:26,484 - INFO - Epoch 37 - 训练损失: 4.5365, 验证损失: 5.5705
2025-08-21 19:42:26,694 - INFO - Epoch 38 - 训练损失: 4.5615, 验证损失: 5.5705
2025-08-21 19:42:26,911 - INFO - Epoch 39 - 训练损失: 4.4742, 验证损失: 5.5705
2025-08-21 19:42:27,109 - INFO - Epoch 40 - 训练损失: 4.5643, 验证损失: 5.5705
2025-08-21 19:42:27,311 - INFO - Epoch 41 - 训练损失: 4.5243, 验证损失: 5.5705
2025-08-21 19:42:27,523 - INFO - Epoch 42 - 训练损失: 4.5362, 验证损失: 5.5705
2025-08-21 19:42:27,720 - INFO - Epoch 43 - 训练损失: 4.5297, 验证损失: 5.5705
2025-08-21 19:42:27,917 - INFO - Epoch 44 - 训练损失: 4.5518, 验证损失: 5.5705
2025-08-21 19:42:28,133 - INFO - Epoch 45 - 训练损失: 4.5209, 验证损失: 5.5705
2025-08-21 19:42:28,365 - INFO - Epoch 46 - 训练损失: 4.5265, 验证损失: 5.5705
2025-08-21 19:42:28,595 - INFO - Epoch 47 - 训练损失: 4.5682, 验证损失: 5.5705
2025-08-21 19:42:28,805 - INFO - Epoch 48 - 训练损失: 4.4674, 验证损失: 5.5705
2025-08-21 19:42:29,019 - INFO - Epoch 49 - 训练损失: 4.5147, 验证损失: 5.5705
2025-08-21 19:42:29,238 - INFO - Epoch 50 - 训练损失: 4.5409, 验证损失: 5.5705
2025-08-21 19:43:58,206 - INFO - 使用设备: cpu
2025-08-21 19:43:58,925 - INFO - Epoch 1 - 训练损失: 6.1307, 验证损失: 6.0995
2025-08-21 19:43:58,932 - INFO - 保存最佳模型!
2025-08-21 19:43:59,076 - INFO - Epoch 2 - 训练损失: 6.0335, 验证损失: 5.7933
2025-08-21 19:43:59,080 - INFO - 保存最佳模型!
2025-08-21 19:43:59,224 - INFO - Epoch 3 - 训练损失: 5.6797, 验证损失: 5.3965
2025-08-21 19:43:59,229 - INFO - 保存最佳模型!
2025-08-21 19:43:59,369 - INFO - Epoch 4 - 训练损失: 5.2232, 验证损失: 5.1952
2025-08-21 19:43:59,373 - INFO - 保存最佳模型!
2025-08-21 19:43:59,519 - INFO - Epoch 5 - 训练损失: 5.0911, 验证损失: 5.2444
2025-08-21 19:43:59,666 - INFO - Epoch 6 - 训练损失: 5.0427, 验证损失: 5.2359
2025-08-21 19:43:59,809 - INFO - Epoch 7 - 训练损失: 5.0185, 验证损失: 5.2274
2025-08-21 19:43:59,957 - INFO - Epoch 8 - 训练损失: 5.0198, 验证损失: 5.2235
2025-08-21 19:44:00,110 - INFO - Epoch 9 - 训练损失: 5.0248, 验证损失: 5.2478
2025-08-21 19:44:00,248 - INFO - Epoch 10 - 训练损失: 5.0239, 验证损失: 5.2657
2025-08-21 19:44:00,388 - INFO - Epoch 11 - 训练损失: 5.0170, 验证损失: 5.2660
2025-08-21 19:44:00,535 - INFO - Epoch 12 - 训练损失: 4.9745, 验证损失: 5.2670
2025-08-21 19:44:00,683 - INFO - Epoch 13 - 训练损失: 5.0004, 验证损失: 5.2670
2025-08-21 19:44:00,824 - INFO - Epoch 14 - 训练损失: 4.9917, 验证损失: 5.2728
2025-08-21 19:44:00,973 - INFO - Epoch 15 - 训练损失: 5.0097, 验证损失: 5.2729
2025-08-21 19:44:01,120 - INFO - Epoch 16 - 训练损失: 5.0127, 验证损失: 5.2725
2025-08-21 19:44:01,264 - INFO - Epoch 17 - 训练损失: 5.0005, 验证损失: 5.2725
2025-08-21 19:44:01,417 - INFO - Epoch 18 - 训练损失: 5.0013, 验证损失: 5.2725
2025-08-21 19:44:01,560 - INFO - Epoch 19 - 训练损失: 4.9892, 验证损失: 5.2727
2025-08-21 19:44:01,707 - INFO - Epoch 20 - 训练损失: 4.9980, 验证损失: 5.2728
2025-08-21 19:44:01,844 - INFO - Epoch 21 - 训练损失: 5.0199, 验证损失: 5.2728
2025-08-21 19:44:01,988 - INFO - Epoch 22 - 训练损失: 4.9896, 验证损失: 5.2728
2025-08-21 19:44:02,140 - INFO - Epoch 23 - 训练损失: 5.0140, 验证损失: 5.2728
2025-08-21 19:44:02,281 - INFO - Epoch 24 - 训练损失: 4.9932, 验证损失: 5.2728
2025-08-21 19:44:02,431 - INFO - Epoch 25 - 训练损失: 5.0132, 验证损失: 5.2728
2025-08-21 19:44:02,591 - INFO - Epoch 26 - 训练损失: 4.9973, 验证损失: 5.2729
2025-08-21 19:44:02,727 - INFO - Epoch 27 - 训练损失: 5.0007, 验证损失: 5.2729
2025-08-21 19:44:02,873 - INFO - Epoch 28 - 训练损失: 4.9897, 验证损失: 5.2729
2025-08-21 19:44:03,019 - INFO - Epoch 29 - 训练损失: 5.0329, 验证损失: 5.2729
2025-08-21 19:44:03,156 - INFO - Epoch 30 - 训练损失: 4.9928, 验证损失: 5.2729
2025-08-21 19:44:03,300 - INFO - Epoch 31 - 训练损失: 4.9677, 验证损失: 5.2729
2025-08-21 19:44:03,436 - INFO - Epoch 32 - 训练损失: 5.0007, 验证损失: 5.2729
2025-08-21 19:44:03,580 - INFO - Epoch 33 - 训练损失: 4.9732, 验证损失: 5.2729
2025-08-21 19:44:03,722 - INFO - Epoch 34 - 训练损失: 5.0096, 验证损失: 5.2729
2025-08-21 19:44:03,864 - INFO - Epoch 35 - 训练损失: 4.9946, 验证损失: 5.2729
2025-08-21 19:44:04,014 - INFO - Epoch 36 - 训练损失: 5.0172, 验证损失: 5.2729
2025-08-21 19:44:04,157 - INFO - Epoch 37 - 训练损失: 4.9729, 验证损失: 5.2729
2025-08-21 19:44:04,316 - INFO - Epoch 38 - 训练损失: 4.9964, 验证损失: 5.2729
2025-08-21 19:44:04,469 - INFO - Epoch 39 - 训练损失: 4.9774, 验证损失: 5.2729
2025-08-21 19:44:04,608 - INFO - Epoch 40 - 训练损失: 4.9964, 验证损失: 5.2729
2025-08-21 19:44:04,758 - INFO - Epoch 41 - 训练损失: 5.0077, 验证损失: 5.2729
2025-08-21 19:44:04,905 - INFO - Epoch 42 - 训练损失: 5.0140, 验证损失: 5.2729
2025-08-21 19:44:05,037 - INFO - Epoch 43 - 训练损失: 4.9956, 验证损失: 5.2729
2025-08-21 19:44:05,199 - INFO - Epoch 44 - 训练损失: 4.9857, 验证损失: 5.2729
2025-08-21 19:44:05,344 - INFO - Epoch 45 - 训练损失: 4.9984, 验证损失: 5.2729
2025-08-21 19:44:05,489 - INFO - Epoch 46 - 训练损失: 4.9908, 验证损失: 5.2729
2025-08-21 19:44:05,629 - INFO - Epoch 47 - 训练损失: 5.0026, 验证损失: 5.2729
2025-08-21 19:44:05,781 - INFO - Epoch 48 - 训练损失: 5.0157, 验证损失: 5.2729
2025-08-21 19:44:05,929 - INFO - Epoch 49 - 训练损失: 4.9918, 验证损失: 5.2729
2025-08-21 19:44:06,083 - INFO - Epoch 50 - 训练损失: 4.9915, 验证损失: 5.2729
2025-08-21 19:48:44,401 - INFO - 使用设备: cpu
2025-08-21 19:48:45,667 - INFO - Epoch 1 - 训练损失: 4.4484, 验证损失: 4.2161
2025-08-21 19:48:45,672 - INFO - 保存最佳模型!
2025-08-21 19:48:46,354 - INFO - Epoch 2 - 训练损失: 4.2336, 验证损失: 4.2014
2025-08-21 19:48:46,357 - INFO - 保存最佳模型!
2025-08-21 19:48:47,062 - INFO - Epoch 3 - 训练损失: 4.2264, 验证损失: 4.2096
2025-08-21 19:48:47,742 - INFO - Epoch 4 - 训练损失: 4.2275, 验证损失: 4.2052
2025-08-21 19:48:48,432 - INFO - Epoch 5 - 训练损失: 4.2259, 验证损失: 4.2019
2025-08-21 19:48:49,105 - INFO - Epoch 6 - 训练损失: 4.2217, 验证损失: 4.1939
2025-08-21 19:48:49,109 - INFO - 保存最佳模型!
2025-08-21 19:48:49,795 - INFO - Epoch 7 - 训练损失: 4.2233, 验证损失: 4.1977
2025-08-21 19:48:50,479 - INFO - Epoch 8 - 训练损失: 4.2253, 验证损失: 4.1904
2025-08-21 19:48:50,482 - INFO - 保存最佳模型!
2025-08-21 19:48:51,191 - INFO - Epoch 9 - 训练损失: 4.2221, 验证损失: 4.1994
2025-08-21 19:48:51,872 - INFO - Epoch 10 - 训练损失: 4.2174, 验证损失: 4.1989
2025-08-21 19:48:52,562 - INFO - Epoch 11 - 训练损失: 4.2190, 验证损失: 4.1995
2025-08-21 19:48:53,296 - INFO - Epoch 12 - 训练损失: 4.2173, 验证损失: 4.1988
2025-08-21 19:48:54,028 - INFO - Epoch 13 - 训练损失: 4.2196, 验证损失: 4.1894
2025-08-21 19:48:54,032 - INFO - 保存最佳模型!
2025-08-21 19:48:54,726 - INFO - Epoch 14 - 训练损失: 4.2118, 验证损失: 4.2060
2025-08-21 19:48:55,410 - INFO - Epoch 15 - 训练损失: 4.2139, 验证损失: 4.1949
2025-08-21 19:48:56,104 - INFO - Epoch 16 - 训练损失: 4.2114, 验证损失: 4.1959
2025-08-21 19:48:56,846 - INFO - Epoch 17 - 训练损失: 4.2109, 验证损失: 4.1885
2025-08-21 19:48:56,850 - INFO - 保存最佳模型!
2025-08-21 19:48:57,578 - INFO - Epoch 18 - 训练损失: 4.2110, 验证损失: 4.1906
2025-08-21 19:48:58,321 - INFO - Epoch 19 - 训练损失: 4.2077, 验证损失: 4.1861
2025-08-21 19:48:58,324 - INFO - 保存最佳模型!
2025-08-21 19:48:59,099 - INFO - Epoch 20 - 训练损失: 4.2073, 验证损失: 4.1896
2025-08-21 19:48:59,851 - INFO - Epoch 21 - 训练损失: 4.2077, 验证损失: 4.1871
2025-08-21 19:49:00,584 - INFO - Epoch 22 - 训练损失: 4.2062, 验证损失: 4.1840
2025-08-21 19:49:00,588 - INFO - 保存最佳模型!
2025-08-21 19:49:01,314 - INFO - Epoch 23 - 训练损失: 4.1998, 验证损失: 4.1839
2025-08-21 19:49:01,318 - INFO - 保存最佳模型!
2025-08-21 19:49:02,047 - INFO - Epoch 24 - 训练损失: 4.2086, 验证损失: 4.1833
2025-08-21 19:49:02,051 - INFO - 保存最佳模型!
2025-08-21 19:49:02,787 - INFO - Epoch 25 - 训练损失: 4.2083, 验证损失: 4.1736
2025-08-21 19:49:02,790 - INFO - 保存最佳模型!
2025-08-21 19:49:03,501 - INFO - Epoch 26 - 训练损失: 4.2023, 验证损失: 4.1863
2025-08-21 19:49:04,194 - INFO - Epoch 27 - 训练损失: 4.1979, 验证损失: 4.1758
2025-08-21 19:49:04,901 - INFO - Epoch 28 - 训练损失: 4.1953, 验证损失: 4.1820
2025-08-21 19:49:05,605 - INFO - Epoch 29 - 训练损失: 4.1930, 验证损失: 4.1776
2025-08-21 19:49:06,316 - INFO - Epoch 30 - 训练损失: 4.1965, 验证损失: 4.1794
2025-08-21 19:49:07,014 - INFO - Epoch 31 - 训练损失: 4.1977, 验证损失: 4.1777
2025-08-21 19:49:07,751 - INFO - Epoch 32 - 训练损失: 4.1893, 验证损失: 4.1739
2025-08-21 19:49:08,492 - INFO - Epoch 33 - 训练损失: 4.1862, 验证损失: 4.1722
2025-08-21 19:49:08,495 - INFO - 保存最佳模型!
2025-08-21 19:49:09,198 - INFO - Epoch 34 - 训练损失: 4.1884, 验证损失: 4.1719
2025-08-21 19:49:09,201 - INFO - 保存最佳模型!
2025-08-21 19:49:09,914 - INFO - Epoch 35 - 训练损失: 4.1901, 验证损失: 4.1702
2025-08-21 19:49:09,918 - INFO - 保存最佳模型!
2025-08-21 19:49:10,619 - INFO - Epoch 36 - 训练损失: 4.1865, 验证损失: 4.1701
2025-08-21 19:49:10,623 - INFO - 保存最佳模型!
2025-08-21 19:49:11,311 - INFO - Epoch 37 - 训练损失: 4.1835, 验证损失: 4.1694
2025-08-21 19:49:11,314 - INFO - 保存最佳模型!
2025-08-21 19:49:12,038 - INFO - Epoch 38 - 训练损失: 4.1826, 验证损失: 4.1687
2025-08-21 19:49:12,041 - INFO - 保存最佳模型!
2025-08-21 19:49:12,761 - INFO - Epoch 39 - 训练损失: 4.1859, 验证损失: 4.1694
2025-08-21 19:49:13,451 - INFO - Epoch 40 - 训练损失: 4.1849, 验证损失: 4.1692
2025-08-21 19:49:14,190 - INFO - Epoch 41 - 训练损失: 4.1952, 验证损失: 4.1698
2025-08-21 19:49:14,938 - INFO - Epoch 42 - 训练损失: 4.1818, 验证损失: 4.1690
2025-08-21 19:49:15,670 - INFO - Epoch 43 - 训练损失: 4.1820, 验证损失: 4.1693
2025-08-21 19:49:16,390 - INFO - Epoch 44 - 训练损失: 4.1923, 验证损失: 4.1688
2025-08-21 19:49:17,090 - INFO - Epoch 45 - 训练损失: 4.1869, 验证损失: 4.1687
2025-08-21 19:49:17,776 - INFO - Epoch 46 - 训练损失: 4.1838, 验证损失: 4.1686
2025-08-21 19:49:17,779 - INFO - 保存最佳模型!
2025-08-21 19:49:18,487 - INFO - Epoch 47 - 训练损失: 4.1876, 验证损失: 4.1686
2025-08-21 19:49:18,491 - INFO - 保存最佳模型!
2025-08-21 19:49:19,225 - INFO - Epoch 48 - 训练损失: 4.1880, 验证损失: 4.1685
2025-08-21 19:49:19,228 - INFO - 保存最佳模型!
2025-08-21 19:49:19,957 - INFO - Epoch 49 - 训练损失: 4.1939, 验证损失: 4.1685
2025-08-21 19:49:20,708 - INFO - Epoch 50 - 训练损失: 4.1827, 验证损失: 4.1685
2025-08-21 19:49:21,420 - INFO - Epoch 51 - 训练损失: 4.1879, 验证损失: 4.1685
2025-08-21 19:49:22,112 - INFO - Epoch 52 - 训练损失: 4.1875, 验证损失: 4.1685
2025-08-21 19:49:22,808 - INFO - Epoch 53 - 训练损失: 4.1886, 验证损失: 4.1685
2025-08-21 19:49:23,507 - INFO - Epoch 54 - 训练损失: 4.1891, 验证损失: 4.1685
2025-08-21 19:49:24,227 - INFO - Epoch 55 - 训练损失: 4.1870, 验证损失: 4.1685
2025-08-21 19:49:24,939 - INFO - Epoch 56 - 训练损失: 4.1815, 验证损失: 4.1685
2025-08-21 19:49:25,662 - INFO - Epoch 57 - 训练损失: 4.1906, 验证损失: 4.1685
2025-08-21 19:49:26,364 - INFO - Epoch 58 - 训练损失: 4.1872, 验证损失: 4.1685
2025-08-21 19:49:27,067 - INFO - Epoch 59 - 训练损失: 4.1862, 验证损失: 4.1685
2025-08-21 19:49:27,794 - INFO - Epoch 60 - 训练损失: 4.1914, 验证损失: 4.1685
2025-08-21 19:49:28,516 - INFO - Epoch 61 - 训练损失: 4.1930, 验证损失: 4.1685
2025-08-21 19:49:29,268 - INFO - Epoch 62 - 训练损失: 4.1823, 验证损失: 4.1685
2025-08-21 19:49:29,973 - INFO - Epoch 63 - 训练损失: 4.1820, 验证损失: 4.1685
2025-08-21 19:49:30,699 - INFO - Epoch 64 - 训练损失: 4.1757, 验证损失: 4.1685
2025-08-21 19:49:31,402 - INFO - Epoch 65 - 训练损失: 4.1821, 验证损失: 4.1685
2025-08-21 19:49:32,128 - INFO - Epoch 66 - 训练损失: 4.1822, 验证损失: 4.1685
2025-08-21 19:49:32,809 - INFO - Epoch 67 - 训练损失: 4.1871, 验证损失: 4.1685
2025-08-21 19:49:33,576 - INFO - Epoch 68 - 训练损失: 4.1822, 验证损失: 4.1685
2025-08-21 19:49:34,326 - INFO - Epoch 69 - 训练损失: 4.1841, 验证损失: 4.1685
2025-08-21 19:49:35,039 - INFO - Epoch 70 - 训练损失: 4.1845, 验证损失: 4.1685
2025-08-21 19:49:35,734 - INFO - Epoch 71 - 训练损失: 4.1906, 验证损失: 4.1685
2025-08-21 19:49:36,439 - INFO - Epoch 72 - 训练损失: 4.1827, 验证损失: 4.1685
2025-08-21 19:49:37,224 - INFO - Epoch 73 - 训练损失: 4.1864, 验证损失: 4.1685
2025-08-21 19:49:37,901 - INFO - Epoch 74 - 训练损失: 4.1774, 验证损失: 4.1685
2025-08-21 19:49:38,579 - INFO - Epoch 75 - 训练损失: 4.1897, 验证损失: 4.1685
2025-08-21 19:49:39,292 - INFO - Epoch 76 - 训练损失: 4.1839, 验证损失: 4.1685
2025-08-21 19:49:39,995 - INFO - Epoch 77 - 训练损失: 4.1803, 验证损失: 4.1685
2025-08-21 19:49:40,688 - INFO - Epoch 78 - 训练损失: 4.1753, 验证损失: 4.1685
2025-08-21 19:49:41,416 - INFO - Epoch 79 - 训练损失: 4.1921, 验证损失: 4.1685
2025-08-21 19:49:42,111 - INFO - Epoch 80 - 训练损失: 4.1857, 验证损失: 4.1685
2025-08-21 19:49:42,784 - INFO - Epoch 81 - 训练损失: 4.1898, 验证损失: 4.1685
2025-08-21 19:49:43,458 - INFO - Epoch 82 - 训练损失: 4.1899, 验证损失: 4.1685
2025-08-21 19:49:44,170 - INFO - Epoch 83 - 训练损失: 4.1809, 验证损失: 4.1685
2025-08-21 19:49:44,916 - INFO - Epoch 84 - 训练损失: 4.1809, 验证损失: 4.1685
2025-08-21 19:49:45,646 - INFO - Epoch 85 - 训练损失: 4.1833, 验证损失: 4.1685
2025-08-21 19:49:46,324 - INFO - Epoch 86 - 训练损失: 4.1897, 验证损失: 4.1685
2025-08-21 19:49:46,986 - INFO - Epoch 87 - 训练损失: 4.1871, 验证损失: 4.1685
2025-08-21 19:49:47,708 - INFO - Epoch 88 - 训练损失: 4.1787, 验证损失: 4.1685
2025-08-21 19:49:48,381 - INFO - Epoch 89 - 训练损失: 4.1817, 验证损失: 4.1685
2025-08-21 19:49:49,100 - INFO - Epoch 90 - 训练损失: 4.1871, 验证损失: 4.1685
2025-08-21 19:49:49,828 - INFO - Epoch 91 - 训练损失: 4.1871, 验证损失: 4.1685
2025-08-21 19:49:50,516 - INFO - Epoch 92 - 训练损失: 4.1884, 验证损失: 4.1685
2025-08-21 19:49:51,232 - INFO - Epoch 93 - 训练损失: 4.1819, 验证损失: 4.1685
2025-08-21 19:49:51,895 - INFO - Epoch 94 - 训练损失: 4.1833, 验证损失: 4.1685
2025-08-21 19:49:52,582 - INFO - Epoch 95 - 训练损失: 4.1841, 验证损失: 4.1685
2025-08-21 19:49:53,289 - INFO - Epoch 96 - 训练损失: 4.1897, 验证损失: 4.1685
2025-08-21 19:49:54,007 - INFO - Epoch 97 - 训练损失: 4.1871, 验证损失: 4.1685
2025-08-21 19:49:54,800 - INFO - Epoch 98 - 训练损失: 4.1853, 验证损失: 4.1685
2025-08-21 19:49:55,552 - INFO - Epoch 99 - 训练损失: 4.1776, 验证损失: 4.1685
2025-08-21 19:49:56,311 - INFO - Epoch 100 - 训练损失: 4.1899, 验证损失: 4.1685
2025-08-21 19:49:57,044 - INFO - Epoch 101 - 训练损失: 4.1945, 验证损失: 4.1685
2025-08-21 19:49:57,749 - INFO - Epoch 102 - 训练损失: 4.1809, 验证损失: 4.1685
2025-08-21 19:49:58,450 - INFO - Epoch 103 - 训练损失: 4.1901, 验证损失: 4.1685
2025-08-21 19:49:59,155 - INFO - Epoch 104 - 训练损失: 4.1813, 验证损失: 4.1685
2025-08-21 19:49:59,969 - INFO - Epoch 105 - 训练损失: 4.1798, 验证损失: 4.1685
2025-08-21 19:50:00,783 - INFO - Epoch 106 - 训练损失: 4.1849, 验证损失: 4.1685
2025-08-21 19:50:01,485 - INFO - Epoch 107 - 训练损失: 4.1752, 验证损失: 4.1685
2025-08-21 19:50:02,239 - INFO - Epoch 108 - 训练损失: 4.1912, 验证损失: 4.1685
2025-08-21 19:50:02,942 - INFO - Epoch 109 - 训练损失: 4.1861, 验证损失: 4.1685
2025-08-21 19:50:03,652 - INFO - Epoch 110 - 训练损失: 4.1866, 验证损失: 4.1685
2025-08-21 19:50:04,353 - INFO - Epoch 111 - 训练损失: 4.1835, 验证损失: 4.1685
2025-08-21 19:50:05,077 - INFO - Epoch 112 - 训练损失: 4.1827, 验证损失: 4.1685
2025-08-21 19:50:05,781 - INFO - Epoch 113 - 训练损失: 4.1819, 验证损失: 4.1685
2025-08-21 19:50:06,518 - INFO - Epoch 114 - 训练损失: 4.1853, 验证损失: 4.1685
2025-08-21 19:50:07,247 - INFO - Epoch 115 - 训练损失: 4.1848, 验证损失: 4.1685
2025-08-21 19:50:07,958 - INFO - Epoch 116 - 训练损失: 4.1826, 验证损失: 4.1685
2025-08-21 19:50:08,672 - INFO - Epoch 117 - 训练损失: 4.1863, 验证损失: 4.1685
2025-08-21 19:50:09,409 - INFO - Epoch 118 - 训练损失: 4.1779, 验证损失: 4.1685
2025-08-21 19:50:10,117 - INFO - Epoch 119 - 训练损失: 4.1841, 验证损失: 4.1685
2025-08-21 19:50:10,924 - INFO - Epoch 120 - 训练损失: 4.1922, 验证损失: 4.1685
2025-08-21 19:50:11,621 - INFO - Epoch 121 - 训练损失: 4.1861, 验证损失: 4.1685
2025-08-21 19:50:12,322 - INFO - Epoch 122 - 训练损失: 4.1851, 验证损失: 4.1685
2025-08-21 19:50:13,021 - INFO - Epoch 123 - 训练损失: 4.1869, 验证损失: 4.1685
2025-08-21 19:50:13,711 - INFO - Epoch 124 - 训练损失: 4.1912, 验证损失: 4.1685
2025-08-21 19:50:14,421 - INFO - Epoch 125 - 训练损失: 4.1825, 验证损失: 4.1685
2025-08-21 19:50:15,166 - INFO - Epoch 126 - 训练损失: 4.1770, 验证损失: 4.1685
2025-08-21 19:50:15,874 - INFO - Epoch 127 - 训练损失: 4.1853, 验证损失: 4.1685
2025-08-21 19:50:16,579 - INFO - Epoch 128 - 训练损失: 4.1923, 验证损失: 4.1685
2025-08-21 19:50:17,419 - INFO - Epoch 129 - 训练损失: 4.1837, 验证损失: 4.1685
2025-08-21 19:50:18,184 - INFO - Epoch 130 - 训练损失: 4.1843, 验证损失: 4.1685
2025-08-21 19:50:18,952 - INFO - Epoch 131 - 训练损失: 4.1854, 验证损失: 4.1685
2025-08-21 19:50:19,768 - INFO - Epoch 132 - 训练损失: 4.1856, 验证损失: 4.1685
2025-08-21 19:50:20,540 - INFO - Epoch 133 - 训练损失: 4.1830, 验证损失: 4.1685
2025-08-21 19:50:21,280 - INFO - Epoch 134 - 训练损失: 4.1782, 验证损失: 4.1685
2025-08-21 19:50:22,046 - INFO - Epoch 135 - 训练损失: 4.1885, 验证损失: 4.1685
2025-08-21 19:50:22,847 - INFO - Epoch 136 - 训练损失: 4.1885, 验证损失: 4.1685
2025-08-21 19:50:23,715 - INFO - Epoch 137 - 训练损失: 4.1805, 验证损失: 4.1685
2025-08-21 19:50:24,588 - INFO - Epoch 138 - 训练损失: 4.1881, 验证损失: 4.1685
2025-08-21 19:50:25,414 - INFO - Epoch 139 - 训练损失: 4.1827, 验证损失: 4.1685
2025-08-21 19:50:26,221 - INFO - Epoch 140 - 训练损失: 4.1868, 验证损失: 4.1685
2025-08-21 19:50:26,990 - INFO - Epoch 141 - 训练损失: 4.1847, 验证损失: 4.1685
2025-08-21 19:50:27,734 - INFO - Epoch 142 - 训练损失: 4.1936, 验证损失: 4.1685
2025-08-21 19:50:28,431 - INFO - Epoch 143 - 训练损失: 4.1874, 验证损失: 4.1685
2025-08-21 19:50:29,122 - INFO - Epoch 144 - 训练损失: 4.1927, 验证损失: 4.1685
2025-08-21 19:50:29,820 - INFO - Epoch 145 - 训练损失: 4.1925, 验证损失: 4.1685
2025-08-21 19:50:30,509 - INFO - Epoch 146 - 训练损失: 4.1859, 验证损失: 4.1685
2025-08-21 19:50:31,232 - INFO - Epoch 147 - 训练损失: 4.1778, 验证损失: 4.1685
2025-08-21 19:50:31,943 - INFO - Epoch 148 - 训练损失: 4.1853, 验证损失: 4.1685
2025-08-21 19:50:32,642 - INFO - Epoch 149 - 训练损失: 4.1779, 验证损失: 4.1685
2025-08-21 19:50:33,341 - INFO - Epoch 150 - 训练损失: 4.1819, 验证损失: 4.1685
2025-08-21 19:52:41,978 - INFO - 使用设备: cpu
2025-08-21 19:52:46,145 - INFO - Epoch 1 - 训练损失: 4.2661, 验证损失: 4.2194
2025-08-21 19:52:46,150 - INFO - 保存最佳模型!
2025-08-21 19:52:49,594 - INFO - Epoch 2 - 训练损失: 4.2163, 验证损失: 4.2130
2025-08-21 19:52:49,598 - INFO - 保存最佳模型!
2025-08-21 19:52:53,093 - INFO - Epoch 3 - 训练损失: 4.2131, 验证损失: 4.2115
2025-08-21 19:52:53,097 - INFO - 保存最佳模型!
2025-08-21 19:52:56,491 - INFO - Epoch 4 - 训练损失: 4.2085, 验证损失: 4.2065
2025-08-21 19:52:56,495 - INFO - 保存最佳模型!
2025-08-21 19:52:59,922 - INFO - Epoch 5 - 训练损失: 4.2019, 验证损失: 4.2045
2025-08-21 19:52:59,926 - INFO - 保存最佳模型!
2025-08-21 19:53:03,338 - INFO - Epoch 6 - 训练损失: 4.1936, 验证损失: 4.1870
2025-08-21 19:53:03,341 - INFO - 保存最佳模型!
2025-08-21 19:53:06,827 - INFO - Epoch 7 - 训练损失: 4.1892, 验证损失: 4.1875
2025-08-21 19:53:10,223 - INFO - Epoch 8 - 训练损失: 4.1847, 验证损失: 4.1803
2025-08-21 19:53:10,227 - INFO - 保存最佳模型!
2025-08-21 19:53:13,584 - INFO - Epoch 9 - 训练损失: 4.1763, 验证损失: 4.1680
2025-08-21 19:53:13,588 - INFO - 保存最佳模型!
2025-08-21 19:53:16,983 - INFO - Epoch 10 - 训练损失: 4.1730, 验证损失: 4.1704
2025-08-21 19:53:20,347 - INFO - Epoch 11 - 训练损失: 4.1704, 验证损失: 4.1620
2025-08-21 19:53:20,351 - INFO - 保存最佳模型!
2025-08-21 19:53:23,723 - INFO - Epoch 12 - 训练损失: 4.1654, 验证损失: 4.1560
2025-08-21 19:53:23,726 - INFO - 保存最佳模型!
2025-08-21 19:53:27,052 - INFO - Epoch 13 - 训练损失: 4.1708, 验证损失: 4.1540
2025-08-21 19:53:27,055 - INFO - 保存最佳模型!
2025-08-21 19:53:30,515 - INFO - Epoch 14 - 训练损失: 4.1675, 验证损失: 4.1541
2025-08-21 19:53:33,916 - INFO - Epoch 15 - 训练损失: 4.1647, 验证损失: 4.1575
2025-08-21 19:53:37,271 - INFO - Epoch 16 - 训练损失: 4.1654, 验证损失: 4.1602
2025-08-21 19:53:40,680 - INFO - Epoch 17 - 训练损失: 4.1619, 验证损失: 4.1627
2025-08-21 19:53:44,501 - INFO - Epoch 18 - 训练损失: 4.1675, 验证损失: 4.1529
2025-08-21 19:53:44,505 - INFO - 保存最佳模型!
2025-08-21 19:53:48,042 - INFO - Epoch 19 - 训练损失: 4.1678, 验证损失: 4.1553
2025-08-21 19:53:51,538 - INFO - Epoch 20 - 训练损失: 4.1656, 验证损失: 4.1610
2025-08-21 19:53:55,590 - INFO - Epoch 21 - 训练损失: 4.1622, 验证损失: 4.1513
2025-08-21 19:53:55,594 - INFO - 保存最佳模型!
2025-08-21 19:53:59,806 - INFO - Epoch 22 - 训练损失: 4.1602, 验证损失: 4.1493
2025-08-21 19:53:59,810 - INFO - 保存最佳模型!
2025-08-21 19:54:03,214 - INFO - Epoch 23 - 训练损失: 4.1608, 验证损失: 4.1551
2025-08-21 19:54:06,539 - INFO - Epoch 24 - 训练损失: 4.1606, 验证损失: 4.1493
2025-08-21 19:54:10,111 - INFO - Epoch 25 - 训练损失: 4.1621, 验证损失: 4.1472
2025-08-21 19:54:10,114 - INFO - 保存最佳模型!
2025-08-21 19:54:13,595 - INFO - Epoch 26 - 训练损失: 4.1643, 验证损失: 4.1487
2025-08-21 19:54:17,042 - INFO - Epoch 27 - 训练损失: 4.1561, 验证损失: 4.1482
2025-08-21 19:54:20,476 - INFO - Epoch 28 - 训练损失: 4.1536, 验证损失: 4.1491
2025-08-21 19:54:23,933 - INFO - Epoch 29 - 训练损失: 4.1570, 验证损失: 4.1466
2025-08-21 19:54:23,937 - INFO - 保存最佳模型!
2025-08-21 19:54:27,656 - INFO - Epoch 30 - 训练损失: 4.1544, 验证损失: 4.1430
2025-08-21 19:54:27,660 - INFO - 保存最佳模型!
2025-08-21 19:54:31,690 - INFO - Epoch 31 - 训练损失: 4.1567, 验证损失: 4.1523
2025-08-21 19:54:35,777 - INFO - Epoch 32 - 训练损失: 4.1608, 验证损失: 4.1442
2025-08-21 19:54:39,364 - INFO - Epoch 33 - 训练损失: 4.1568, 验证损失: 4.1473
2025-08-21 19:54:42,999 - INFO - Epoch 34 - 训练损失: 4.1601, 验证损失: 4.1449
2025-08-21 19:54:46,527 - INFO - Epoch 35 - 训练损失: 4.1516, 验证损失: 4.1486
2025-08-21 19:54:50,433 - INFO - Epoch 36 - 训练损失: 4.1610, 验证损失: 4.1458
2025-08-21 19:54:54,059 - INFO - Epoch 37 - 训练损失: 4.1537, 验证损失: 4.1454
2025-08-21 19:54:57,586 - INFO - Epoch 38 - 训练损失: 4.1495, 验证损失: 4.1445
2025-08-21 19:55:01,394 - INFO - Epoch 39 - 训练损失: 4.1488, 验证损失: 4.1449
2025-08-21 19:55:05,341 - INFO - Epoch 40 - 训练损失: 4.1489, 验证损失: 4.1444
2025-08-21 19:55:09,278 - INFO - Epoch 41 - 训练损失: 4.1522, 验证损失: 4.1443
2025-08-21 19:55:12,885 - INFO - Epoch 42 - 训练损失: 4.1466, 验证损失: 4.1438
2025-08-21 19:55:16,489 - INFO - Epoch 43 - 训练损失: 4.1505, 验证损失: 4.1437
2025-08-21 19:55:20,208 - INFO - Epoch 44 - 训练损失: 4.1473, 验证损失: 4.1437
2025-08-21 19:55:23,819 - INFO - Epoch 45 - 训练损失: 4.1464, 验证损失: 4.1435
2025-08-21 19:55:27,380 - INFO - Epoch 46 - 训练损失: 4.1507, 验证损失: 4.1435
2025-08-21 19:55:30,965 - INFO - Epoch 47 - 训练损失: 4.1558, 验证损失: 4.1435
2025-08-21 19:55:34,605 - INFO - Epoch 48 - 训练损失: 4.1479, 验证损失: 4.1435
2025-08-21 19:55:38,289 - INFO - Epoch 49 - 训练损失: 4.1529, 验证损失: 4.1435
2025-08-21 19:55:41,913 - INFO - Epoch 50 - 训练损失: 4.1525, 验证损失: 4.1435
2025-08-21 19:55:45,563 - INFO - Epoch 51 - 训练损失: 4.1467, 验证损失: 4.1435
2025-08-21 19:55:49,286 - INFO - Epoch 52 - 训练损失: 4.1489, 验证损失: 4.1435
2025-08-21 19:55:53,037 - INFO - Epoch 53 - 训练损失: 4.1478, 验证损失: 4.1435
2025-08-21 19:55:56,694 - INFO - Epoch 54 - 训练损失: 4.1526, 验证损失: 4.1435
2025-08-21 19:56:00,372 - INFO - Epoch 55 - 训练损失: 4.1542, 验证损失: 4.1435
2025-08-21 19:56:03,947 - INFO - Epoch 56 - 训练损失: 4.1483, 验证损失: 4.1435
2025-08-21 19:56:07,559 - INFO - Epoch 57 - 训练损失: 4.1527, 验证损失: 4.1435
2025-08-21 19:56:11,078 - INFO - Epoch 58 - 训练损失: 4.1491, 验证损失: 4.1435
2025-08-21 19:56:14,724 - INFO - Epoch 59 - 训练损失: 4.1491, 验证损失: 4.1435
2025-08-21 19:56:18,369 - INFO - Epoch 60 - 训练损失: 4.1507, 验证损失: 4.1435
2025-08-21 19:56:21,904 - INFO - Epoch 61 - 训练损失: 4.1500, 验证损失: 4.1435
2025-08-21 19:56:25,334 - INFO - Epoch 62 - 训练损失: 4.1523, 验证损失: 4.1435
2025-08-21 19:56:28,845 - INFO - Epoch 63 - 训练损失: 4.1534, 验证损失: 4.1435
2025-08-21 19:56:32,334 - INFO - Epoch 64 - 训练损失: 4.1524, 验证损失: 4.1435
2025-08-21 19:56:35,782 - INFO - Epoch 65 - 训练损失: 4.1504, 验证损失: 4.1435
2025-08-21 19:56:39,159 - INFO - Epoch 66 - 训练损失: 4.1480, 验证损失: 4.1435
2025-08-21 19:56:42,659 - INFO - Epoch 67 - 训练损失: 4.1474, 验证损失: 4.1435
2025-08-21 19:56:46,103 - INFO - Epoch 68 - 训练损失: 4.1501, 验证损失: 4.1435
2025-08-21 19:56:49,575 - INFO - Epoch 69 - 训练损失: 4.1513, 验证损失: 4.1435
2025-08-21 19:56:53,106 - INFO - Epoch 70 - 训练损失: 4.1523, 验证损失: 4.1435
2025-08-21 19:56:56,652 - INFO - Epoch 71 - 训练损失: 4.1488, 验证损失: 4.1435
2025-08-21 19:57:00,082 - INFO - Epoch 72 - 训练损失: 4.1510, 验证损失: 4.1435
2025-08-21 19:57:03,485 - INFO - Epoch 73 - 训练损失: 4.1502, 验证损失: 4.1435
2025-08-21 19:57:06,905 - INFO - Epoch 74 - 训练损失: 4.1559, 验证损失: 4.1435
2025-08-21 19:57:10,344 - INFO - Epoch 75 - 训练损失: 4.1516, 验证损失: 4.1435
2025-08-21 19:57:13,757 - INFO - Epoch 76 - 训练损失: 4.1536, 验证损失: 4.1435
2025-08-21 19:57:17,148 - INFO - Epoch 77 - 训练损失: 4.1503, 验证损失: 4.1435
2025-08-21 19:57:20,570 - INFO - Epoch 78 - 训练损失: 4.1488, 验证损失: 4.1435
2025-08-21 19:57:23,974 - INFO - Epoch 79 - 训练损失: 4.1471, 验证损失: 4.1435
2025-08-21 19:57:27,416 - INFO - Epoch 80 - 训练损失: 4.1513, 验证损失: 4.1435
2025-08-21 19:57:30,924 - INFO - Epoch 81 - 训练损失: 4.1448, 验证损失: 4.1435
2025-08-21 19:57:34,248 - INFO - Epoch 82 - 训练损失: 4.1505, 验证损失: 4.1435
2025-08-21 19:57:37,657 - INFO - Epoch 83 - 训练损失: 4.1509, 验证损失: 4.1435
2025-08-21 19:57:41,158 - INFO - Epoch 84 - 训练损失: 4.1508, 验证损失: 4.1435
2025-08-21 19:57:44,568 - INFO - Epoch 85 - 训练损失: 4.1545, 验证损失: 4.1435
2025-08-21 19:57:48,054 - INFO - Epoch 86 - 训练损失: 4.1479, 验证损失: 4.1435
2025-08-21 19:57:51,538 - INFO - Epoch 87 - 训练损失: 4.1501, 验证损失: 4.1435
2025-08-21 19:57:55,191 - INFO - Epoch 88 - 训练损失: 4.1469, 验证损失: 4.1435
2025-08-21 19:57:58,642 - INFO - Epoch 89 - 训练损失: 4.1464, 验证损失: 4.1435
2025-08-21 19:58:02,046 - INFO - Epoch 90 - 训练损失: 4.1512, 验证损失: 4.1435
2025-08-21 19:58:05,424 - INFO - Epoch 91 - 训练损失: 4.1516, 验证损失: 4.1435
2025-08-21 19:58:08,813 - INFO - Epoch 92 - 训练损失: 4.1489, 验证损失: 4.1435
2025-08-21 19:58:12,282 - INFO - Epoch 93 - 训练损失: 4.1529, 验证损失: 4.1435
2025-08-21 19:58:15,652 - INFO - Epoch 94 - 训练损失: 4.1530, 验证损失: 4.1435
2025-08-21 19:58:18,970 - INFO - Epoch 95 - 训练损失: 4.1553, 验证损失: 4.1435
2025-08-21 19:58:22,382 - INFO - Epoch 96 - 训练损失: 4.1486, 验证损失: 4.1435
2025-08-21 19:58:25,749 - INFO - Epoch 97 - 训练损失: 4.1526, 验证损失: 4.1435
2025-08-21 19:58:29,179 - INFO - Epoch 98 - 训练损失: 4.1524, 验证损失: 4.1435
2025-08-21 19:58:32,542 - INFO - Epoch 99 - 训练损失: 4.1485, 验证损失: 4.1435
2025-08-21 19:58:35,868 - INFO - Epoch 100 - 训练损失: 4.1479, 验证损失: 4.1435
2025-08-21 19:58:39,267 - INFO - Epoch 101 - 训练损失: 4.1536, 验证损失: 4.1435
2025-08-21 19:58:42,708 - INFO - Epoch 102 - 训练损失: 4.1503, 验证损失: 4.1435
2025-08-21 19:58:46,062 - INFO - Epoch 103 - 训练损失: 4.1494, 验证损失: 4.1435
2025-08-21 19:58:49,428 - INFO - Epoch 104 - 训练损失: 4.1481, 验证损失: 4.1435
2025-08-21 19:58:52,782 - INFO - Epoch 105 - 训练损失: 4.1560, 验证损失: 4.1435
2025-08-21 19:58:56,226 - INFO - Epoch 106 - 训练损失: 4.1512, 验证损失: 4.1435
2025-08-21 19:58:59,654 - INFO - Epoch 107 - 训练损失: 4.1503, 验证损失: 4.1435
2025-08-21 19:59:03,008 - INFO - Epoch 108 - 训练损失: 4.1489, 验证损失: 4.1435
2025-08-21 19:59:06,333 - INFO - Epoch 109 - 训练损失: 4.1484, 验证损失: 4.1435
2025-08-21 19:59:09,679 - INFO - Epoch 110 - 训练损失: 4.1528, 验证损失: 4.1435
2025-08-21 19:59:13,144 - INFO - Epoch 111 - 训练损失: 4.1488, 验证损失: 4.1435
2025-08-21 19:59:16,472 - INFO - Epoch 112 - 训练损失: 4.1505, 验证损失: 4.1435
2025-08-21 19:59:19,820 - INFO - Epoch 113 - 训练损失: 4.1454, 验证损失: 4.1435
2025-08-21 19:59:23,218 - INFO - Epoch 114 - 训练损失: 4.1505, 验证损失: 4.1435
2025-08-21 19:59:26,601 - INFO - Epoch 115 - 训练损失: 4.1505, 验证损失: 4.1435
2025-08-21 19:59:30,160 - INFO - Epoch 116 - 训练损失: 4.1493, 验证损失: 4.1435
2025-08-21 19:59:33,733 - INFO - Epoch 117 - 训练损失: 4.1497, 验证损失: 4.1435
2025-08-21 19:59:37,200 - INFO - Epoch 118 - 训练损失: 4.1451, 验证损失: 4.1435
2025-08-21 19:59:40,609 - INFO - Epoch 119 - 训练损失: 4.1518, 验证损失: 4.1435
2025-08-21 19:59:43,997 - INFO - Epoch 120 - 训练损失: 4.1490, 验证损失: 4.1435
2025-08-21 19:59:47,335 - INFO - Epoch 121 - 训练损失: 4.1502, 验证损失: 4.1435
2025-08-21 19:59:50,700 - INFO - Epoch 122 - 训练损失: 4.1509, 验证损失: 4.1435
2025-08-21 19:59:54,076 - INFO - Epoch 123 - 训练损失: 4.1506, 验证损失: 4.1435
2025-08-21 19:59:57,518 - INFO - Epoch 124 - 训练损失: 4.1524, 验证损失: 4.1435
2025-08-21 20:00:00,920 - INFO - Epoch 125 - 训练损失: 4.1477, 验证损失: 4.1435
2025-08-21 20:00:04,341 - INFO - Epoch 126 - 训练损失: 4.1513, 验证损失: 4.1435
2025-08-21 20:00:07,710 - INFO - Epoch 127 - 训练损失: 4.1483, 验证损失: 4.1435
2025-08-21 20:00:11,188 - INFO - Epoch 128 - 训练损失: 4.1507, 验证损失: 4.1435
2025-08-21 20:00:14,548 - INFO - Epoch 129 - 训练损失: 4.1515, 验证损失: 4.1435
2025-08-21 20:00:17,932 - INFO - Epoch 130 - 训练损失: 4.1530, 验证损失: 4.1435
2025-08-21 20:00:21,285 - INFO - Epoch 131 - 训练损失: 4.1466, 验证损失: 4.1435
2025-08-21 20:00:24,645 - INFO - Epoch 132 - 训练损失: 4.1489, 验证损失: 4.1435
2025-08-21 20:00:28,020 - INFO - Epoch 133 - 训练损失: 4.1500, 验证损失: 4.1435
2025-08-21 20:00:31,396 - INFO - Epoch 134 - 训练损失: 4.1549, 验证损失: 4.1435
2025-08-21 20:00:34,775 - INFO - Epoch 135 - 训练损失: 4.1523, 验证损失: 4.1435
2025-08-21 20:00:38,169 - INFO - Epoch 136 - 训练损失: 4.1509, 验证损失: 4.1435
2025-08-21 20:00:41,587 - INFO - Epoch 137 - 训练损失: 4.1534, 验证损失: 4.1435
2025-08-21 20:00:44,988 - INFO - Epoch 138 - 训练损失: 4.1499, 验证损失: 4.1435
2025-08-21 20:00:48,407 - INFO - Epoch 139 - 训练损失: 4.1509, 验证损失: 4.1435
2025-08-21 20:00:51,777 - INFO - Epoch 140 - 训练损失: 4.1475, 验证损失: 4.1435
2025-08-21 20:00:55,204 - INFO - Epoch 141 - 训练损失: 4.1428, 验证损失: 4.1435
2025-08-21 20:00:58,605 - INFO - Epoch 142 - 训练损失: 4.1488, 验证损失: 4.1435
2025-08-21 20:01:01,975 - INFO - Epoch 143 - 训练损失: 4.1475, 验证损失: 4.1435
2025-08-21 20:01:05,382 - INFO - Epoch 144 - 训练损失: 4.1480, 验证损失: 4.1435
2025-08-21 20:01:08,849 - INFO - Epoch 145 - 训练损失: 4.1515, 验证损失: 4.1435
2025-08-21 20:01:12,254 - INFO - Epoch 146 - 训练损失: 4.1490, 验证损失: 4.1435
2025-08-21 20:01:15,621 - INFO - Epoch 147 - 训练损失: 4.1524, 验证损失: 4.1435
2025-08-21 20:01:19,011 - INFO - Epoch 148 - 训练损失: 4.1504, 验证损失: 4.1435
2025-08-21 20:01:22,332 - INFO - Epoch 149 - 训练损失: 4.1505, 验证损失: 4.1435
2025-08-21 20:01:25,684 - INFO - Epoch 150 - 训练损失: 4.1495, 验证损失: 4.1435
2025-08-21 20:05:18,376 - INFO - 使用设备: cpu
